<?xml version="1.0" encoding="UTF-8" standalone="no"?>
<!DOCTYPE log SYSTEM "logger.dtd">
<log>
<record>
  <date>2022-11-08T09:07:35.271-0300</date>
  <logger>ELI PEDRO CORDEIRO DA SILVA</logger>
  <level>FINE</level>
  <message>File 121110359-ELI PEDRO CORDEIRO DA SILVA.zip was received. It was sent by ELI PEDRO CORDEIRO DA SILVA from IP 150.165.42.181 at 08-11-2022 09*07*35</message>
</record>
</log>
<?xml version="1.0" encoding="UTF-8" standalone="no"?>
<!DOCTYPE log SYSTEM "logger.dtd">
<log>
<record>
  <date>2022-11-08T09:08:37.936-0300</date>
  <logger>ELI PEDRO CORDEIRO DA SILVA</logger>
  <level>FINE</level>
  <message>File 121110359-ELI PEDRO CORDEIRO DA SILVA.zip was received. It was sent by ELI PEDRO CORDEIRO DA SILVA from IP 150.165.42.181 at 08-11-2022 09*08*37</message>
</record>
</log>
<?xml version="1.0" encoding="UTF-8" standalone="no"?>
<!DOCTYPE log SYSTEM "logger.dtd">
<log>
<record>
  <date>2022-11-08T09:34:57.370-0300</date>
  <logger>ELI PEDRO CORDEIRO DA SILVA</logger>
  <level>FINE</level>
  <message>File 121110359-ELI PEDRO CORDEIRO DA SILVA.zip was received. It was sent by ELI PEDRO CORDEIRO DA SILVA from IP 150.165.42.181 at 08-11-2022 09*34*57</message>
</record>
</log>
<?xml version="1.0" encoding="UTF-8" standalone="no"?>
<!DOCTYPE log SYSTEM "logger.dtd">
<log>
<record>
  <date>2022-11-08T09:37:16.478-0300</date>
  <logger>ELI PEDRO CORDEIRO DA SILVA</logger>
  <level>FINE</level>
  <message>File 121110359-ELI PEDRO CORDEIRO DA SILVA.zip was received. It was sent by ELI PEDRO CORDEIRO DA SILVA from IP 150.165.42.181 at 08-11-2022 09*37*16</message>
</record>
</log>
<?xml version="1.0" encoding="UTF-8" standalone="no"?>
<!DOCTYPE log SYSTEM "logger.dtd">
<log>
<record>
  <date>2022-11-08T09:45:02.648-0300</date>
  <logger>ELI PEDRO CORDEIRO DA SILVA</logger>
  <level>FINE</level>
  <message>File 121110359-ELI PEDRO CORDEIRO DA SILVA.zip was received. It was sent by ELI PEDRO CORDEIRO DA SILVA from IP 150.165.42.181 at 08-11-2022 09*45*02</message>
</record>
